2025-06-24 19:43:43 - SINGLE - site:instagram.com "fitness Coach" "@gmail.com"
2025-06-24 20:08:55 - MULTIPLE - site:instagram.com "fitness Coach" "@gmail.com" "Toronto"
site:instagram.com "fitness Coach" "@gmail.com" "Montreal"
site:instagram.com "fitness Coach" "@gmail.com" "Vancouver"
site:instagram.com "fitness Coach" "@gmail.com" "Calgary"
site:instagram.com "fitness Coach" "@gmail.com" "Edmonton"
site:instagram.com "fitness Coach" "@gmail.com" "Ottawa"
site:instagram.com "fitness Coach" "@gmail.com" "Winnipeg"
site:instagram.com "fitness Coach" "@gmail.com" "Quebec City"
site:instagram.com "fitness Coach" "@gmail.com" "Hamilton"
site:instagram.com "fitness Coach" "@gmail.com" "Kitchener"

2025-06-24 20:09:48 - MULTIPLE - site:instagram.com "fitness Coach" "@gmail.com" "Toronto"
site:instagram.com "fitness Coach" "@gmail.com" "Montreal"
site:instagram.com "fitness Coach" "@gmail.com" "Vancouver"
site:instagram.com "fitness Coach" "@gmail.com" "Calgary"
site:instagram.com "fitness Coach" "@gmail.com" "Edmonton"
site:instagram.com "fitness Coach" "@gmail.com" "Ottawa"
site:instagram.com "fitness Coach" "@gmail.com" "Winnipeg"
site:instagram.com "fitness Coach" "@gmail.com" "Quebec City"
site:instagram.com "fitness Coach" "@gmail.com" "Hamilton"
site:instagram.com "fitness Coach" "@gmail.com" "Kitchener"

2025-06-24 20:21:42 - MULTIPLE - site:instagram.com "fitness Coach" "@gmail.com" "Toronto"
site:instagram.com "fitness Coach" "@gmail.com" "Montreal"

2025-06-24 20:24:05 - MULTIPLE - site:instagram.com "fitness Coach" "@gmail.com" "Toronto"
site:instagram.com "fitness Coach" "@gmail.com" "Montreal"
site:instagram.com "fitness Coach" "@gmail.com" "Vancouver"
site:instagram.com "fitness Coach" "@gmail.com" "Calgary"

2025-06-24 20:29:18 - MULTIPLE - site:instagram.com "fitness Coach" "@gmail.com" "Toronto"
site:instagram.com "fitness Coach" "@gmail.com" "Montreal"
site:instagram.com "fitness Coach" "@gmail.com" "Vancouver"
site:instagram.com "fitness Coach" "@gmail.com" "Calgary"
site:instagram.com "fitness Coach" "@gmail.com" "Edmonton"
site:instagram.com "fitness Coach" "@gmail.com" "Ottawa"
site:instagram.com "fitness Coach" "@gmail.com" "Winnipeg"
site:instagram.com "fitness Coach" "@gmail.com" "Quebec City"
site:instagram.com "fitness Coach" "@gmail.com" "Hamilton"
site:instagram.com "fitness Coach" "@gmail.com" "Kitchener"

2025-06-24 20:29:41 - MULTIPLE - site:instagram.com "fitness Coach" "@gmail.com" "Toronto"
2025-06-24 20:33:55 - MULTIPLE - site:instagram.com "fitness Coach" "@gmail.com" "Montreal"
2025-06-24 20:36:26 - MULTIPLE - site:instagram.com "fitness Coach" "@gmail.com" "Vancouver"
2025-06-24 20:36:36 - MULTIPLE - site:instagram.com "fitness Coach" "@gmail.com" "Calgary"
2025-06-24 20:36:39 - SINGLE - site:instagram.com "fitness Coach" "@gmail.com" "Toronto"
